<?xml version="1.0" encoding="UTF-8"?>
<!-- Generated by org.testng.reporters.JUnitXMLReporter -->
<testsuite ignored="4" hostname="LAPTOP-3J98GVID" failures="1" tests="5" name="Test" time="0.053" errors="0" timestamp="2022-05-23T00:02:40 IST">
  <testcase classname="com.example.demo.PocJnuitApplicationTests" name="contextLoads" time="0.004"/>
  <testcase classname="com.example.demo.Main" name="test" time="0.002">
    <skipped/>
  </testcase> <!-- test -->
  <testcase classname="com.example.demo.Main" name="test" time="0.001">
    <skipped/>
  </testcase> <!-- test -->
  <testcase classname="com.example.demo.Main" name="test" time="0.001">
    <skipped/>
  </testcase> <!-- test -->
  <testcase classname="com.example.demo.Main" name="test" time="0.0">
    <failure type="java.lang.AssertionError" message="value">
      <![CDATA[java.lang.AssertionError: value
at com.example.demo.Main.test(Main.java:66)
at java.base/java.util.ArrayList.forEach(ArrayList.java:1511)
... Removed 28 stack frames]]>
    </failure>
  </testcase> <!-- test -->
  <testcase classname="com.example.demo.ParentClass" name="@BeforeTest parentBeforeTest" time="0.0">
    <ignored/>
  </testcase> <!-- @BeforeTest parentBeforeTest -->
  <testcase classname="com.example.demo.ParentClass" name="@AfterTest parentAfterTest" time="0.0">
    <ignored/>
  </testcase> <!-- @AfterTest parentAfterTest -->
  <testcase classname="com.example.demo.ParentClass" name="@AfterSuite parentAfterSuite" time="0.0">
    <ignored/>
  </testcase> <!-- @AfterSuite parentAfterSuite -->
  <testcase classname="com.example.demo.ParentClass" name="@BeforeSuite parentBeforeSuite" time="0.0">
    <ignored/>
  </testcase> <!-- @BeforeSuite parentBeforeSuite -->
</testsuite> <!-- Test -->
